kotlin version: 2.3.0
error message: java.lang.RuntimeException: Exception while generating code for:
FUN name:buildMenu visibility:protected modality:OPEN returnType:org.bukkit.inventory.Inventory
  VALUE_PARAMETER kind:DispatchReceiver name:<this> index:0 type:dev.crafty.framework.api.menu.Menu
  BLOCK_BODY
    VAR name:configFile type:java.io.File [val]
      CALL 'public final fun resolve (<this>: java.io.File, relative: kotlin.String): java.io.File declared in kotlin.io.FilesKt' type=java.io.File origin=null
        ARG <this>: BLOCK type=java.io.File origin=null
          VAR IR_TEMPORARY_VARIABLE name:tmp0 type:kotlin.Any? [val]
            CALL 'public final fun getDataFolder (): @[EnhancedNullability] java.io.File [fake_override] declared in dev.crafty.framework.api.lifecycle.FrameworkPlugin' type=@[EnhancedNullability] java.io.File origin=GET_PROPERTY
              ARG <this>: CALL 'protected abstract fun <get-owningPlugin> (): dev.crafty.framework.api.lifecycle.FrameworkPlugin declared in dev.crafty.framework.api.menu.Menu' type=dev.crafty.framework.api.lifecycle.FrameworkPlugin origin=GET_PROPERTY
                ARG <this>: GET_VAR '<this>: dev.crafty.framework.api.menu.Menu declared in dev.crafty.framework.api.menu.Menu.buildMenu' type=dev.crafty.framework.api.menu.Menu origin=IMPLICIT_ARGUMENT
          CALL 'public final fun checkNotNullExpressionValue (value: kotlin.Any?, expression: kotlin.String): kotlin.Unit declared in kotlin.jvm.internal.Intrinsics' type=kotlin.Unit origin=null
            ARG value: GET_VAR 'val tmp0: kotlin.Any? [val] declared in dev.crafty.framework.api.menu.Menu.buildMenu' type=kotlin.Any? origin=null
            ARG expression: CONST String type=kotlin.String value="getDataFolder(...)"
          GET_VAR 'val tmp0: kotlin.Any? [val] declared in dev.crafty.framework.api.menu.Menu.buildMenu' type=kotlin.Any? origin=null
        ARG relative: STRING_CONCATENATION type=kotlin.String
          CONST String type=kotlin.String value="menus/"
          CALL 'protected abstract fun <get-id> (): kotlin.String declared in dev.crafty.framework.api.menu.Menu' type=kotlin.String origin=GET_PROPERTY
            ARG <this>: GET_VAR '<this>: dev.crafty.framework.api.menu.Menu declared in dev.crafty.framework.api.menu.Menu.buildMenu' type=dev.crafty.framework.api.menu.Menu origin=IMPLICIT_ARGUMENT
          CONST String type=kotlin.String value=".yml"
    TRY type=kotlin.Unit
      try: BLOCK type=kotlin.Unit origin=null
        CALL 'public open fun saveResource (p0: @[EnhancedNullability] kotlin.String, p1: kotlin.Boolean): kotlin.Unit [fake_override] declared in dev.crafty.framework.api.lifecycle.FrameworkPlugin' type=kotlin.Unit origin=null
          ARG <this>: CALL 'protected abstract fun <get-owningPlugin> (): dev.crafty.framework.api.lifecycle.FrameworkPlugin declared in dev.crafty.framework.api.menu.Menu' type=dev.crafty.framework.api.lifecycle.FrameworkPlugin origin=GET_PROPERTY
            ARG <this>: GET_VAR '<this>: dev.crafty.framework.api.menu.Menu declared in dev.crafty.framework.api.menu.Menu.buildMenu' type=dev.crafty.framework.api.menu.Menu origin=IMPLICIT_ARGUMENT
          ARG p0: STRING_CONCATENATION type=kotlin.String
            CONST String type=kotlin.String value="menus/"
            CALL 'protected abstract fun <get-id> (): kotlin.String declared in dev.crafty.framework.api.menu.Menu' type=kotlin.String origin=GET_PROPERTY
              ARG <this>: GET_VAR '<this>: dev.crafty.framework.api.menu.Menu declared in dev.crafty.framework.api.menu.Menu.buildMenu' type=dev.crafty.framework.api.menu.Menu origin=IMPLICIT_ARGUMENT
            CONST String type=kotlin.String value=".yml"
          ARG p1: CONST Boolean type=kotlin.Boolean value=false
      CATCH parameter=val e: java.lang.Exception [val] declared in dev.crafty.framework.api.menu.Menu.buildMenu
        VAR CATCH_PARAMETER name:e type:java.lang.Exception [val]
        BLOCK type=kotlin.Unit origin=null
    WHEN type=kotlin.Unit origin=IF
      BRANCH
        if: CALL 'public final fun not (): kotlin.Boolean [operator] declared in kotlin.Boolean' type=kotlin.Boolean origin=null
          ARG <this>: CALL 'public open fun exists (): kotlin.Boolean declared in java.io.File' type=kotlin.Boolean origin=null
            ARG <this>: GET_VAR 'val configFile: java.io.File [val] declared in dev.crafty.framework.api.menu.Menu.buildMenu' type=java.io.File origin=null
        then: BLOCK type=kotlin.Unit origin=null
          THROW type=kotlin.Nothing
            CONSTRUCTOR_CALL 'public constructor <init> (p0: @[FlexibleNullability] kotlin.String?) declared in java.lang.IllegalStateException' type=java.lang.IllegalStateException origin=null
              ARG p0: STRING_CONCATENATION type=kotlin.String
                CONST String type=kotlin.String value="Menu configuration file not found: "
                CALL 'public open fun getPath (): @[FlexibleNullability] kotlin.String? declared in java.io.File' type=@[FlexibleNullability] kotlin.String? origin=GET_PROPERTY
                  ARG <this>: GET_VAR 'val configFile: java.io.File [val] declared in dev.crafty.framework.api.menu.Menu.buildMenu' type=java.io.File origin=null
    VAR name:config type:@[NotNull(value = <null>, exception = <null>)] org.bukkit.configuration.file.YamlConfiguration [val]
      BLOCK type=@[NotNull(value = <null>, exception = <null>)] org.bukkit.configuration.file.YamlConfiguration origin=null
        VAR IR_TEMPORARY_VARIABLE name:tmp1 type:kotlin.Any? [val]
          CALL 'public open fun loadConfiguration (p0: @[NotNull(value = <null>, exception = <null>)] @[EnhancedNullability] java.io.File): @[NotNull(value = <null>, exception = <null>)] @[EnhancedNullability] org.bukkit.configuration.file.YamlConfiguration declared in org.bukkit.configuration.file.YamlConfiguration' type=@[EnhancedNullability] @[NotNull(value = <null>, exception = <null>)] org.bukkit.configuration.file.YamlConfiguration origin=null
            ARG p0: GET_VAR 'val configFile: java.io.File [val] declared in dev.crafty.framework.api.menu.Menu.buildMenu' type=java.io.File origin=null
        CALL 'public final fun checkNotNullExpressionValue (value: kotlin.Any?, expression: kotlin.String): kotlin.Unit declared in kotlin.jvm.internal.Intrinsics' type=kotlin.Unit origin=null
          ARG value: GET_VAR 'val tmp1: kotlin.Any? [val] declared in dev.crafty.framework.api.menu.Menu.buildMenu' type=kotlin.Any? origin=null
          ARG expression: CONST String type=kotlin.String value="loadConfiguration(...)"
        GET_VAR 'val tmp1: kotlin.Any? [val] declared in dev.crafty.framework.api.menu.Menu.buildMenu' type=kotlin.Any? origin=null
    VAR name:title type:kotlin.String [val]
      CALL 'protected final fun getOrWarn <T> (<this>: org.bukkit.configuration.ConfigurationSection, path: kotlin.String, default: T of dev.crafty.framework.api.menu.Menu.getOrWarn): T of dev.crafty.framework.api.menu.Menu.getOrWarn [inline] declared in dev.crafty.framework.api.menu.Menu' type=kotlin.String origin=null
        TYPE_ARG T: kotlin.String
        ARG <this>(index:0): TYPE_OP type=dev.crafty.framework.api.menu.Menu origin=IMPLICIT_CAST typeOperand=dev.crafty.framework.api.menu.Menu
          GET_VAR '<this>: dev.crafty.framework.api.menu.Menu declared in dev.crafty.framework.api.menu.Menu.buildMenu' type=dev.crafty.framework.api.menu.Menu origin=IMPLICIT_ARGUMENT
        ARG <this>(index:1): GET_VAR 'val config: @[NotNull(value = <null>, exception = <null>)] org.bukkit.configuration.file.YamlConfiguration [val] declared in dev.crafty.framework.api.menu.Menu.buildMenu' type=@[NotNull(value = <null>, exception = <null>)] org.bukkit.configuration.file.YamlConfiguration origin=null
        ARG path: CONST String type=kotlin.String value="title"
        ARG default: CONST String type=kotlin.String value="Menu"
    VAR name:rows type:kotlin.Int [val]
      CALL 'protected final fun getOrWarn <T> (<this>: org.bukkit.configuration.ConfigurationSection, path: kotlin.String, default: T of dev.crafty.framework.api.menu.Menu.getOrWarn): T of dev.crafty.framework.api.menu.Menu.getOrWarn [inline] declared in dev.crafty.framework.api.menu.Menu' type=kotlin.Int origin=null
        TYPE_ARG T: kotlin.Int
        ARG <this>(index:0): TYPE_OP type=dev.crafty.framework.api.menu.Menu origin=IMPLICIT_CAST typeOperand=dev.crafty.framework.api.menu.Menu
          GET_VAR '<this>: dev.crafty.framework.api.menu.Menu declared in dev.crafty.framework.api.menu.Menu.buildMenu' type=dev.crafty.framework.api.menu.Menu origin=IMPLICIT_ARGUMENT
        ARG <this>(index:1): GET_VAR 'val config: @[NotNull(value = <null>, exception = <null>)] org.bukkit.configuration.file.YamlConfiguration [val] declared in dev.crafty.framework.api.menu.Menu.buildMenu' type=@[NotNull(value = <null>, exception = <null>)] org.bukkit.configuration.file.YamlConfiguration origin=null
        ARG path: CONST String type=kotlin.String value="rows"
        ARG default: CONST Int type=kotlin.Int value=1
    VAR name:typeString type:kotlin.String [val]
      CALL 'protected final fun getOrWarn <T> (<this>: org.bukkit.configuration.ConfigurationSection, path: kotlin.String, default: T of dev.crafty.framework.api.menu.Menu.getOrWarn): T of dev.crafty.framework.api.menu.Menu.getOrWarn [inline] declared in dev.crafty.framework.api.menu.Menu' type=kotlin.String origin=null
        TYPE_ARG T: kotlin.String
        ARG <this>(index:0): TYPE_OP type=dev.crafty.framework.api.menu.Menu origin=IMPLICIT_CAST typeOperand=dev.crafty.framework.api.menu.Menu
          GET_VAR '<this>: dev.crafty.framework.api.menu.Menu declared in dev.crafty.framework.api.menu.Menu.buildMenu' type=dev.crafty.framework.api.menu.Menu origin=IMPLICIT_ARGUMENT
        ARG <this>(index:1): GET_VAR 'val config: @[NotNull(value = <null>, exception = <null>)] org.bukkit.configuration.file.YamlConfiguration [val] declared in dev.crafty.framework.api.menu.Menu.buildMenu' type=@[NotNull(value = <null>, exception = <null>)] org.bukkit.configuration.file.YamlConfiguration origin=null
        ARG path: CONST String type=kotlin.String value="type"
        ARG default: CONST String type=kotlin.String value="CHEST"
    VAR name:type type:dev.crafty.framework.api.menu.Menu.ContainerType [val]
      TRY type=dev.crafty.framework.api.menu.Menu.ContainerType
        try: BLOCK type=dev.crafty.framework.api.menu.Menu.ContainerType origin=null
          CALL 'public final fun valueOf (value: kotlin.String): dev.crafty.framework.api.menu.Menu.ContainerType declared in dev.crafty.framework.api.menu.Menu.ContainerType' type=dev.crafty.framework.api.menu.Menu.ContainerType origin=null
            ARG value: CALL 'public final fun uppercase (<this>: kotlin.String): kotlin.String [inline] declared in kotlin.text.StringsKt' type=kotlin.String origin=null
              ARG <this>: GET_VAR 'val typeString: kotlin.String [val] declared in dev.crafty.framework.api.menu.Menu.buildMenu' type=kotlin.String origin=null
        CATCH parameter=val e: java.lang.IllegalArgumentException [val] declared in dev.crafty.framework.api.menu.Menu.buildMenu
          VAR CATCH_PARAMETER name:e type:java.lang.IllegalArgumentException [val]
          BLOCK type=dev.crafty.framework.api.menu.Menu.ContainerType origin=null
            CALL 'public open fun warning (p0: @[FlexibleNullability] kotlin.String?): kotlin.Unit declared in java.util.logging.Logger' type=kotlin.Unit origin=null
              ARG <this>: CALL 'public open fun getLogger (): @[EnhancedNullability] java.util.logging.Logger [fake_override] declared in dev.crafty.framework.api.lifecycle.FrameworkPlugin' type=@[EnhancedNullability] java.util.logging.Logger origin=GET_PROPERTY
                ARG <this>: CALL 'protected abstract fun <get-owningPlugin> (): dev.crafty.framework.api.lifecycle.FrameworkPlugin declared in dev.crafty.framework.api.menu.Menu' type=dev.crafty.framework.api.lifecycle.FrameworkPlugin origin=GET_PROPERTY
                  ARG <this>: GET_VAR '<this>: dev.crafty.framework.api.menu.Menu declared in dev.crafty.framework.api.menu.Menu.buildMenu' type=dev.crafty.framework.api.menu.Menu origin=IMPLICIT_ARGUMENT
              ARG p0: STRING_CONCATENATION type=kotlin.String
                CONST String type=kotlin.String value="Menu '"
                CALL 'protected abstract fun <get-id> (): kotlin.String declared in dev.crafty.framework.api.menu.Menu' type=kotlin.String origin=GET_PROPERTY
                  ARG <this>: GET_VAR '<this>: dev.crafty.framework.api.menu.Menu declared in dev.crafty.framework.api.menu.Menu.buildMenu' type=dev.crafty.framework.api.menu.Menu origin=IMPLICIT_ARGUMENT
                CONST String type=kotlin.String value="' has invalid container type '"
                GET_VAR 'val typeString: kotlin.String [val] declared in dev.crafty.framework.api.menu.Menu.buildMenu' type=kotlin.String origin=null
                CONST String type=kotlin.String value="'. Defaulting to CHEST."
            GET_FIELD 'FIELD FIELD_FOR_ENUM_ENTRY name:CHEST type:dev.crafty.framework.api.menu.Menu.ContainerType visibility:public [final,static] declared in dev.crafty.framework.api.menu.Menu.ContainerType' type=dev.crafty.framework.api.menu.Menu.ContainerType origin=null
    VAR name:patternList type:kotlin.collections.List<kotlin.String> [val]
      CALL 'protected final fun getOrWarn <T> (<this>: org.bukkit.configuration.ConfigurationSection, path: kotlin.String, default: T of dev.crafty.framework.api.menu.Menu.getOrWarn): T of dev.crafty.framework.api.menu.Menu.getOrWarn [inline] declared in dev.crafty.framework.api.menu.Menu' type=kotlin.collections.List<kotlin.String> origin=null
        TYPE_ARG T: kotlin.collections.List<kotlin.String>
        ARG <this>(index:0): TYPE_OP type=dev.crafty.framework.api.menu.Menu origin=IMPLICIT_CAST typeOperand=dev.crafty.framework.api.menu.Menu
          GET_VAR '<this>: dev.crafty.framework.api.menu.Menu declared in dev.crafty.framework.api.menu.Menu.buildMenu' type=dev.crafty.framework.api.menu.Menu origin=IMPLICIT_ARGUMENT
        ARG <this>(index:1): GET_VAR 'val config: @[NotNull(value = <null>, exception = <null>)] org.bukkit.configuration.file.YamlConfiguration [val] declared in dev.crafty.framework.api.menu.Menu.buildMenu' type=@[NotNull(value = <null>, exception = <null>)] org.bukkit.configuration.file.YamlConfiguration origin=null
        ARG path: CONST String type=kotlin.String value="pattern"
        ARG default: CALL 'public final fun List <T> (size: kotlin.Int, init: kotlin.Function1<@[ParameterName(name = "index")] kotlin.Int, T of kotlin.collections.CollectionsKt.List>): kotlin.collections.List<T of kotlin.collections.CollectionsKt.List> [inline] declared in kotlin.collections.CollectionsKt' type=kotlin.collections.List<kotlin.String> origin=null
          TYPE_ARG T: kotlin.String
          ARG size: GET_VAR 'val rows: kotlin.Int [val] declared in dev.crafty.framework.api.menu.Menu.buildMenu' type=kotlin.Int origin=null
          ARG init: RICH_FUNCTION_REFERENCE type=kotlin.Function1<kotlin.Int, kotlin.String> origin=INLINE_LAMBDA reflectionTarget='null'
            overriddenFunctionSymbol: public abstract fun invoke (p1: P1 of kotlin.Function1): R of kotlin.Function1 [operator] declared in kotlin.Function1
            invoke: FUN INLINE_LAMBDA name:buildMenu$lambda$0 visibility:private modality:FINAL returnType:kotlin.String
              VALUE_PARAMETER kind:Regular name:it index:0 type:kotlin.Int
              BLOCK_BODY
                VAR name:$i$a$-List-Menu$buildMenu$patternList$1 type:kotlin.Int [val]
                  CONST Int type=kotlin.Int value=0
                RETURN type=kotlin.Nothing from='private final fun buildMenu$lambda$0 (it: kotlin.Int): kotlin.String declared in dev.crafty.framework.api.menu.Menu.buildMenu'
                  CALL 'public final fun repeat (<this>: kotlin.CharSequence, n: kotlin.Int): kotlin.String declared in kotlin.text.StringsKt' type=kotlin.String origin=null
                    ARG <this>: CONST String type=kotlin.String value=" "
                    ARG n: CONST Int type=kotlin.Int value=9
    VAR name:pattern type:kotlin.Array<kotlin.CharArray> [val]
      BLOCK type=kotlin.Array<kotlin.CharArray> origin=null
        VAR IR_TEMPORARY_VARIABLE name:tmp type:kotlin.Int [var]
          CONST Int type=kotlin.Int value=0
        VAR IR_TEMPORARY_VARIABLE name:tmp type:kotlin.Array<kotlin.CharArray> [val]
          CALL 'public final fun arrayOfNulls <T> (size: kotlin.Int): kotlin.Array<T of kotlin.arrayOfNulls?> declared in kotlin' type=kotlin.Array<kotlin.CharArray> origin=null
            TYPE_ARG T: kotlin.CharArray
            ARG size: GET_VAR 'val rows: kotlin.Int [val] declared in dev.crafty.framework.api.menu.Menu.buildMenu' type=kotlin.Int origin=null
        WHILE label=Menu$buildMenu$pattern1 origin=null
          condition: CALL 'public final fun less (arg0: kotlin.Int, arg1: kotlin.Int): kotlin.Boolean declared in kotlin.internal.ir' type=kotlin.Boolean origin=null
            ARG arg0: GET_VAR 'var tmp: kotlin.Int [var] declared in dev.crafty.framework.api.menu.Menu.buildMenu' type=kotlin.Int origin=null
            ARG arg1: GET_VAR 'val rows: kotlin.Int [val] declared in dev.crafty.framework.api.menu.Menu.buildMenu' type=kotlin.Int origin=null
          body: BLOCK type=kotlin.Unit origin=null
            VAR IR_TEMPORARY_VARIABLE name:tmp type:kotlin.Int [val]
              GET_VAR 'var tmp: kotlin.Int [var] declared in dev.crafty.framework.api.menu.Menu.buildMenu' type=kotlin.Int origin=null
            CALL 'public final fun set (index: kotlin.Int, value: T of kotlin.Array): kotlin.Unit [operator] declared in kotlin.Array' type=kotlin.Unit origin=null
              ARG <this>: GET_VAR 'val tmp: kotlin.Array<kotlin.CharArray> [val] declared in dev.crafty.framework.api.menu.Menu.buildMenu' type=kotlin.Array<kotlin.CharArray> origin=null
              ARG index: GET_VAR 'val tmp: kotlin.Int [val] declared in dev.crafty.framework.api.menu.Menu.buildMenu' type=kotlin.Int origin=null
              ARG value: BLOCK type=kotlin.CharArray origin=null
                CALL 'public final fun toCharArray (<this>: kotlin.String): kotlin.CharArray [inline] declared in kotlin.text.StringsKt' type=kotlin.CharArray origin=null
                  ARG <this>: CALL 'public abstract fun get (index: kotlin.Int): E of kotlin.collections.List [operator] declared in kotlin.collections.List' type=kotlin.String origin=GET_ARRAY_ELEMENT
                    ARG <this>: GET_VAR 'val patternList: kotlin.collections.List<kotlin.String> [val] declared in dev.crafty.framework.api.menu.Menu.buildMenu' type=kotlin.collections.List<kotlin.String> origin=null
                    ARG index: GET_VAR 'val tmp: kotlin.Int [val] declared in dev.crafty.framework.api.menu.Menu.buildMenu' type=kotlin.Int origin=null
            CALL 'public final fun <int-prefix-incr-decr> (value: kotlin.Int, delta: kotlin.Int): kotlin.Int declared in kotlin.jvm.internal' type=kotlin.Int origin=null
              ARG value: GET_VAR 'var tmp: kotlin.Int [var] declared in dev.crafty.framework.api.menu.Menu.buildMenu' type=kotlin.Int origin=null
              ARG delta: CONST Int type=kotlin.Int value=1
        GET_VAR 'val tmp: kotlin.Array<kotlin.CharArray> [val] declared in dev.crafty.framework.api.menu.Menu.buildMenu' type=kotlin.Array<kotlin.CharArray> origin=null
    CALL 'protected open fun preBuild (config: org.bukkit.configuration.file.YamlConfiguration, pattern: kotlin.Array<kotlin.CharArray>): kotlin.Unit declared in dev.crafty.framework.api.menu.Menu' type=kotlin.Unit origin=null
      ARG <this>: GET_VAR '<this>: dev.crafty.framework.api.menu.Menu declared in dev.crafty.framework.api.menu.Menu.buildMenu' type=dev.crafty.framework.api.menu.Menu origin=IMPLICIT_ARGUMENT
      ARG config: GET_VAR 'val config: @[NotNull(value = <null>, exception = <null>)] org.bukkit.configuration.file.YamlConfiguration [val] declared in dev.crafty.framework.api.menu.Menu.buildMenu' type=@[NotNull(value = <null>, exception = <null>)] org.bukkit.configuration.file.YamlConfiguration origin=null
      ARG pattern: GET_VAR 'val pattern: kotlin.Array<kotlin.CharArray> [val] declared in dev.crafty.framework.api.menu.Menu.buildMenu' type=kotlin.Array<kotlin.CharArray> origin=null
    VAR name:result type:dev.crafty.framework.api.menu.Menu.BuildItemsResult [val]
      CALL 'protected final fun buildItems (pattern: kotlin.Array<kotlin.CharArray>, config: org.bukkit.configuration.file.YamlConfiguration): dev.crafty.framework.api.menu.Menu.BuildItemsResult declared in dev.crafty.framework.api.menu.Menu' type=dev.crafty.framework.api.menu.Menu.BuildItemsResult origin=null
        ARG <this>: GET_VAR '<this>: dev.crafty.framework.api.menu.Menu declared in dev.crafty.framework.api.menu.Menu.buildMenu' type=dev.crafty.framework.api.menu.Menu origin=IMPLICIT_ARGUMENT
        ARG pattern: GET_VAR 'val pattern: kotlin.Array<kotlin.CharArray> [val] declared in dev.crafty.framework.api.menu.Menu.buildMenu' type=kotlin.Array<kotlin.CharArray> origin=null
        ARG config: GET_VAR 'val config: @[NotNull(value = <null>, exception = <null>)] org.bukkit.configuration.file.YamlConfiguration [val] declared in dev.crafty.framework.api.menu.Menu.buildMenu' type=@[NotNull(value = <null>, exception = <null>)] org.bukkit.configuration.file.YamlConfiguration origin=null
    VAR name:inventory type:org.bukkit.inventory.Inventory [val]
      CALL 'public final fun createInventoryContainer (type: dev.crafty.framework.api.menu.Menu.ContainerType, rows: kotlin.Int, title: net.kyori.adventure.text.Component): org.bukkit.inventory.Inventory declared in dev.crafty.framework.api.menu.Menu' type=org.bukkit.inventory.Inventory origin=null
        ARG <this>: GET_VAR '<this>: dev.crafty.framework.api.menu.Menu declared in dev.crafty.framework.api.menu.Menu.buildMenu' type=dev.crafty.framework.api.menu.Menu origin=IMPLICIT_ARGUMENT
        ARG type: GET_VAR 'val type: dev.crafty.framework.api.menu.Menu.ContainerType [val] declared in dev.crafty.framework.api.menu.Menu.buildMenu' type=dev.crafty.framework.api.menu.Menu.ContainerType origin=null
        ARG rows: GET_VAR 'val rows: kotlin.Int [val] declared in dev.crafty.framework.api.menu.Menu.buildMenu' type=kotlin.Int origin=null
        ARG title: CALL 'public final fun colorize (<this>: kotlin.String): net.kyori.adventure.text.Component declared in dev.crafty.framework.lib.LangKt' type=net.kyori.adventure.text.Component origin=null
          ARG <this>: GET_VAR 'val title: kotlin.String [val] declared in dev.crafty.framework.api.menu.Menu.buildMenu' type=kotlin.String origin=null
    SET_FIELD 'FIELD PROPERTY_BACKING_FIELD name:currentInventory type:org.bukkit.inventory.Inventory? visibility:private' type=kotlin.Unit origin=null
      receiver: GET_VAR '<this>: dev.crafty.framework.api.menu.Menu declared in dev.crafty.framework.api.menu.Menu.buildMenu' type=dev.crafty.framework.api.menu.Menu origin=IMPLICIT_ARGUMENT
      value: GET_VAR 'val inventory: org.bukkit.inventory.Inventory [val] declared in dev.crafty.framework.api.menu.Menu.buildMenu' type=org.bukkit.inventory.Inventory origin=null
    CALL 'public abstract fun clear (): kotlin.Unit declared in kotlin.collections.MutableMap' type=kotlin.Unit origin=null
      ARG <this>: GET_FIELD 'FIELD PROPERTY_BACKING_FIELD name:currentActions type:kotlin.collections.MutableMap<kotlin.Int, kotlin.collections.List<dev.crafty.framework.api.menu.Menu.MenuAction>> visibility:private [final]' type=kotlin.collections.MutableMap<kotlin.Int, kotlin.collections.List<dev.crafty.framework.api.menu.Menu.MenuAction>> origin=null
        receiver: GET_VAR '<this>: dev.crafty.framework.api.menu.Menu declared in dev.crafty.framework.api.menu.Menu.buildMenu' type=dev.crafty.framework.api.menu.Menu origin=IMPLICIT_ARGUMENT
    CALL 'public abstract fun putAll (from: kotlin.collections.Map<out K of kotlin.collections.MutableMap, V of kotlin.collections.MutableMap>): kotlin.Unit declared in kotlin.collections.MutableMap' type=kotlin.Unit origin=null
      ARG <this>: GET_FIELD 'FIELD PROPERTY_BACKING_FIELD name:currentActions type:kotlin.collections.MutableMap<kotlin.Int, kotlin.collections.List<dev.crafty.framework.api.menu.Menu.MenuAction>> visibility:private [final]' type=kotlin.collections.MutableMap<kotlin.Int, kotlin.collections.List<dev.crafty.framework.api.menu.Menu.MenuAction>> origin=null
        receiver: GET_VAR '<this>: dev.crafty.framework.api.menu.Menu declared in dev.crafty.framework.api.menu.Menu.buildMenu' type=dev.crafty.framework.api.menu.Menu origin=IMPLICIT_ARGUMENT
      ARG from: CALL 'public final fun <get-actions> (): kotlin.collections.Map<kotlin.Int, kotlin.collections.List<dev.crafty.framework.api.menu.Menu.MenuAction>> declared in dev.crafty.framework.api.menu.Menu.BuildItemsResult' type=kotlin.collections.Map<kotlin.Int, kotlin.collections.List<dev.crafty.framework.api.menu.Menu.MenuAction>> origin=GET_PROPERTY
        ARG <this>: GET_VAR 'val result: dev.crafty.framework.api.menu.Menu.BuildItemsResult [val] declared in dev.crafty.framework.api.menu.Menu.buildMenu' type=dev.crafty.framework.api.menu.Menu.BuildItemsResult origin=null
    CALL 'public abstract fun setContents (p0: @[NotNull(value = <null>, exception = <null>)] @[EnhancedNullability] @[FlexibleArrayElementVariance] kotlin.Array<out @[EnhancedNullability] @[Nullable(value = <null>)] org.bukkit.inventory.ItemStack?>): kotlin.Unit declared in org.bukkit.inventory.Inventory' type=kotlin.Unit origin=EQ
      ARG <this>: GET_VAR 'val inventory: org.bukkit.inventory.Inventory [val] declared in dev.crafty.framework.api.menu.Menu.buildMenu' type=org.bukkit.inventory.Inventory origin=null
      ARG p0: CALL 'public final fun <get-items> (): kotlin.Array<org.bukkit.inventory.ItemStack> declared in dev.crafty.framework.api.menu.Menu.BuildItemsResult' type=kotlin.Array<org.bukkit.inventory.ItemStack> origin=GET_PROPERTY
        ARG <this>: GET_VAR 'val result: dev.crafty.framework.api.menu.Menu.BuildItemsResult [val] declared in dev.crafty.framework.api.menu.Menu.buildMenu' type=dev.crafty.framework.api.menu.Menu.BuildItemsResult origin=null
    VAR name:openId type:kotlin.Int [val]
      CALL 'public final fun on <E> (listener: kotlin.Function2<E of dev.crafty.framework.api.event.EventListenerKt.on, kotlin.Int, kotlin.Unit>): kotlin.Int [inline] declared in dev.crafty.framework.api.event.EventListenerKt' type=kotlin.Int origin=null
        TYPE_ARG E: org.bukkit.event.inventory.InventoryOpenEvent
        ARG listener: BLOCK type=kotlin.Function2<org.bukkit.event.inventory.InventoryOpenEvent, kotlin.Int, kotlin.Unit> origin=LAMBDA
          COMPOSITE type=kotlin.Unit origin=null
          CALL 'public final fun <jvm-indy> <T> (dynamicCall: T of kotlin.jvm.internal.<jvm-indy>, bootstrapMethodHandle: kotlin.Any, vararg bootstrapMethodArguments: kotlin.Any): T of kotlin.jvm.internal.<jvm-indy> declared in kotlin.jvm.internal' type=kotlin.Function2<org.bukkit.event.inventory.InventoryOpenEvent, kotlin.Int, kotlin.Unit> origin=null
            TYPE_ARG T: kotlin.Function2<org.bukkit.event.inventory.InventoryOpenEvent, kotlin.Int, kotlin.Unit>
            ARG dynamicCall: CALL 'public final fun invoke (p0: org.bukkit.inventory.Inventory, p1: dev.crafty.framework.api.menu.Menu): kotlin.Function2<org.bukkit.event.inventory.InventoryOpenEvent, kotlin.Int, kotlin.Unit> declared in kotlin.jvm.internal.invokeDynamic' type=kotlin.Function2<org.bukkit.event.inventory.InventoryOpenEvent, kotlin.Int, kotlin.Unit> origin=null
              ARG p0: GET_VAR 'val inventory: org.bukkit.inventory.Inventory [val] declared in dev.crafty.framework.api.menu.Menu.buildMenu' type=org.bukkit.inventory.Inventory origin=null
              ARG p1: GET_VAR '<this>: dev.crafty.framework.api.menu.Menu declared in dev.crafty.framework.api.menu.Menu.buildMenu' type=dev.crafty.framework.api.menu.Menu origin=null
            ARG bootstrapMethodHandle: CALL 'public final fun <jvm-method-handle> (tag: kotlin.Int, owner: kotlin.String, name: kotlin.String, descriptor: kotlin.String, isInterface: kotlin.Boolean): kotlin.Any declared in kotlin.jvm.internal' type=kotlin.Any origin=null
              ARG tag: CONST Int type=kotlin.Int value=6
              ARG owner: CONST String type=kotlin.String value="java/lang/invoke/LambdaMetafactory"
              ARG name: CONST String type=kotlin.String value="metafactory"
              ARG descriptor: CONST String type=kotlin.String value="(Ljava/lang/invoke/MethodHandles$Lookup;Ljava/lang/String;Ljava/lang/invoke/MethodType;Ljava/lang/invoke/MethodType;Ljava/lang/invoke/MethodHandle;Ljava/lang/invoke/MethodType;)Ljava/lang/invoke/CallSite;"
              ARG isInterface: CONST Boolean type=kotlin.Boolean value=false
            ARG bootstrapMethodArguments: VARARG type=kotlin.Array<kotlin.Any> varargElementType=kotlin.Any
              CALL 'public final fun <jvm-original-method-type> (method: kotlin.Any): kotlin.Any declared in kotlin.jvm.internal' type=kotlin.Any origin=null
                ARG method: RAW_FUNCTION_REFERENCE 'public abstract fun invoke (p1: P1 of kotlin.Function2, p2: P2 of kotlin.Function2): R of kotlin.Function2 [operator] declared in kotlin.Function2' type=kotlin.Any
              RAW_FUNCTION_REFERENCE 'private final fun buildMenu$lambda$1 ($inventory: org.bukkit.inventory.Inventory, this$0: dev.crafty.framework.api.menu.Menu, event: org.bukkit.event.inventory.InventoryOpenEvent, <unused var>: kotlin.Int): kotlin.Unit? declared in dev.crafty.framework.api.menu.Menu' type=kotlin.Any
              CALL 'public final fun <jvm-original-method-type> (method: kotlin.Any): kotlin.Any declared in kotlin.jvm.internal' type=kotlin.Any origin=null
                ARG method: RAW_FUNCTION_REFERENCE 'public abstract fun invoke (p1: org.bukkit.event.inventory.InventoryOpenEvent, p2: kotlin.Int?): kotlin.Unit? [fake_override,operator] declared in kotlin.jvm.internal.invokeDynamic.<fake>' type=kotlin.Any
    VAR name:clickId type:kotlin.Int [val]
      CALL 'public final fun on <E> (listener: kotlin.Function2<E of dev.crafty.framework.api.event.EventListenerKt.on, kotlin.Int, kotlin.Unit>): kotlin.Int [inline] declared in dev.crafty.framework.api.event.EventListenerKt' type=kotlin.Int origin=null
        TYPE_ARG E: org.bukkit.event.inventory.InventoryClickEvent
        ARG listener: BLOCK type=kotlin.Function2<org.bukkit.event.inventory.InventoryClickEvent, kotlin.Int, kotlin.Unit> origin=LAMBDA
          COMPOSITE type=kotlin.Unit origin=null
          CALL 'public final fun <jvm-indy> <T> (dynamicCall: T of kotlin.jvm.internal.<jvm-indy>, bootstrapMethodHandle: kotlin.Any, vararg bootstrapMethodArguments: kotlin.Any): T of kotlin.jvm.internal.<jvm-indy> declared in kotlin.jvm.internal' type=kotlin.Function2<org.bukkit.event.inventory.InventoryClickEvent, kotlin.Int, kotlin.Unit> origin=null
            TYPE_ARG T: kotlin.Function2<org.bukkit.event.inventory.InventoryClickEvent, kotlin.Int, kotlin.Unit>
            ARG dynamicCall: CALL 'public final fun invoke (p0: dev.crafty.framework.api.menu.Menu, p1: org.bukkit.inventory.Inventory): kotlin.Function2<org.bukkit.event.inventory.InventoryClickEvent, kotlin.Int, kotlin.Unit> declared in kotlin.jvm.internal.invokeDynamic' type=kotlin.Function2<org.bukkit.event.inventory.InventoryClickEvent, kotlin.Int, kotlin.Unit> origin=null
              ARG p0: GET_VAR '<this>: dev.crafty.framework.api.menu.Menu declared in dev.crafty.framework.api.menu.Menu.buildMenu' type=dev.crafty.framework.api.menu.Menu origin=null
              ARG p1: GET_VAR 'val inventory: org.bukkit.inventory.Inventory [val] declared in dev.crafty.framework.api.menu.Menu.buildMenu' type=org.bukkit.inventory.Inventory origin=null
            ARG bootstrapMethodHandle: CALL 'public final fun <jvm-method-handle> (tag: kotlin.Int, owner: kotlin.String, name: kotlin.String, descriptor: kotlin.String, isInterface: kotlin.Boolean): kotlin.Any declared in kotlin.jvm.internal' type=kotlin.Any origin=null
              ARG tag: CONST Int type=kotlin.Int value=6
              ARG owner: CONST String type=kotlin.String value="java/lang/invoke/LambdaMetafactory"
              ARG name: CONST String type=kotlin.String value="metafactory"
              ARG descriptor: CONST String type=kotlin.String value="(Ljava/lang/invoke/MethodHandles$Lookup;Ljava/lang/String;Ljava/lang/invoke/MethodType;Ljava/lang/invoke/MethodType;Ljava/lang/invoke/MethodHandle;Ljava/lang/invoke/MethodType;)Ljava/lang/invoke/CallSite;"
              ARG isInterface: CONST Boolean type=kotlin.Boolean value=false
            ARG bootstrapMethodArguments: VARARG type=kotlin.Array<kotlin.Any> varargElementType=kotlin.Any
              CALL 'public final fun <jvm-original-method-type> (method: kotlin.Any): kotlin.Any declared in kotlin.jvm.internal' type=kotlin.Any origin=null
                ARG method: RAW_FUNCTION_REFERENCE 'public abstract fun invoke (p1: P1 of kotlin.Function2, p2: P2 of kotlin.Function2): R of kotlin.Function2 [operator] declared in kotlin.Function2' type=kotlin.Any
              RAW_FUNCTION_REFERENCE 'private final fun buildMenu$lambda$2 (this$0: dev.crafty.framework.api.menu.Menu, $inventory: org.bukkit.inventory.Inventory, event: org.bukkit.event.inventory.InventoryClickEvent, <unused var>: kotlin.Int): kotlin.Unit? declared in dev.crafty.framework.api.menu.Menu' type=kotlin.Any
              CALL 'public final fun <jvm-original-method-type> (method: kotlin.Any): kotlin.Any declared in kotlin.jvm.internal' type=kotlin.Any origin=null
                ARG method: RAW_FUNCTION_REFERENCE 'public abstract fun invoke (p1: org.bukkit.event.inventory.InventoryClickEvent, p2: kotlin.Int?): kotlin.Unit? [fake_override,operator] declared in kotlin.jvm.internal.invokeDynamic.<fake>' type=kotlin.Any
    COMPOSITE type=kotlin.Unit origin=null
      CALL 'public final fun on <E> (listener: kotlin.Function2<E of dev.crafty.framework.api.event.EventListenerKt.on, kotlin.Int, kotlin.Unit>): kotlin.Int [inline] declared in dev.crafty.framework.api.event.EventListenerKt' type=kotlin.Int origin=null
        TYPE_ARG E: org.bukkit.event.inventory.InventoryCloseEvent
        ARG listener: BLOCK type=kotlin.Function2<org.bukkit.event.inventory.InventoryCloseEvent, kotlin.Int, kotlin.Unit> origin=LAMBDA
          COMPOSITE type=kotlin.Unit origin=null
          CALL 'public final fun <jvm-indy> <T> (dynamicCall: T of kotlin.jvm.internal.<jvm-indy>, bootstrapMethodHandle: kotlin.Any, vararg bootstrapMethodArguments: kotlin.Any): T of kotlin.jvm.internal.<jvm-indy> declared in kotlin.jvm.internal' type=kotlin.Function2<org.bukkit.event.inventory.InventoryCloseEvent, kotlin.Int, kotlin.Unit> origin=null
            TYPE_ARG T: kotlin.Function2<org.bukkit.event.inventory.InventoryCloseEvent, kotlin.Int, kotlin.Unit>
            ARG dynamicCall: CALL 'public final fun invoke (p0: org.bukkit.inventory.Inventory, p1: kotlin.Int, p2: kotlin.Int, p3: dev.crafty.framework.api.menu.Menu): kotlin.Function2<org.bukkit.event.inventory.InventoryCloseEvent, kotlin.Int, kotlin.Unit> declared in kotlin.jvm.internal.invokeDynamic' type=kotlin.Function2<org.bukkit.event.inventory.InventoryCloseEvent, kotlin.Int, kotlin.Unit> origin=null
              ARG p0: GET_VAR 'val inventory: org.bukkit.inventory.Inventory [val] declared in dev.crafty.framework.api.menu.Menu.buildMenu' type=org.bukkit.inventory.Inventory origin=null
              ARG p1: GET_VAR 'val openId: kotlin.Int [val] declared in dev.crafty.framework.api.menu.Menu.buildMenu' type=kotlin.Int origin=null
              ARG p2: GET_VAR 'val clickId: kotlin.Int [val] declared in dev.crafty.framework.api.menu.Menu.buildMenu' type=kotlin.Int origin=null
              ARG p3: GET_VAR '<this>: dev.crafty.framework.api.menu.Menu declared in dev.crafty.framework.api.menu.Menu.buildMenu' type=dev.crafty.framework.api.menu.Menu origin=null
            ARG bootstrapMethodHandle: CALL 'public final fun <jvm-method-handle> (tag: kotlin.Int, owner: kotlin.String, name: kotlin.String, descriptor: kotlin.String, isInterface: kotlin.Boolean): kotlin.Any declared in kotlin.jvm.internal' type=kotlin.Any origin=null
              ARG tag: CONST Int type=kotlin.Int value=6
              ARG owner: CONST String type=kotlin.String value="java/lang/invoke/LambdaMetafactory"
              ARG name: CONST String type=kotlin.String value="metafactory"
              ARG descriptor: CONST String type=kotlin.String value="(Ljava/lang/invoke/MethodHandles$Lookup;Ljava/lang/String;Ljava/lang/invoke/MethodType;Ljava/lang/invoke/MethodType;Ljava/lang/invoke/MethodHandle;Ljava/lang/invoke/MethodType;)Ljava/lang/invoke/CallSite;"
              ARG isInterface: CONST Boolean type=kotlin.Boolean value=false
            ARG bootstrapMethodArguments: VARARG type=kotlin.Array<kotlin.Any> varargElementType=kotlin.Any
              CALL 'public final fun <jvm-original-method-type> (method: kotlin.Any): kotlin.Any declared in kotlin.jvm.internal' type=kotlin.Any origin=null
                ARG method: RAW_FUNCTION_REFERENCE 'public abstract fun invoke (p1: P1 of kotlin.Function2, p2: P2 of kotlin.Function2): R of kotlin.Function2 [operator] declared in kotlin.Function2' type=kotlin.Any
              RAW_FUNCTION_REFERENCE 'private final fun buildMenu$lambda$3 ($inventory: org.bukkit.inventory.Inventory, $openId: kotlin.Int, $clickId: kotlin.Int, this$0: dev.crafty.framework.api.menu.Menu, event: org.bukkit.event.inventory.InventoryCloseEvent, closeId: kotlin.Int): kotlin.Unit? declared in dev.crafty.framework.api.menu.Menu' type=kotlin.Any
              CALL 'public final fun <jvm-original-method-type> (method: kotlin.Any): kotlin.Any declared in kotlin.jvm.internal' type=kotlin.Any origin=null
                ARG method: RAW_FUNCTION_REFERENCE 'public abstract fun invoke (p1: org.bukkit.event.inventory.InventoryCloseEvent, p2: kotlin.Int?): kotlin.Unit? [fake_override,operator] declared in kotlin.jvm.internal.invokeDynamic.<fake>' type=kotlin.Any
      COMPOSITE type=kotlin.Unit origin=null
    RETURN type=kotlin.Nothing from='protected open fun buildMenu (): org.bukkit.inventory.Inventory declared in dev.crafty.framework.api.menu.Menu'
      GET_VAR 'val inventory: org.bukkit.inventory.Inventory [val] declared in dev.crafty.framework.api.menu.Menu.buildMenu' type=org.bukkit.inventory.Inventory origin=null

	at org.jetbrains.kotlin.backend.jvm.codegen.FunctionCodegen.generate(FunctionCodegen.kt:56)
	at org.jetbrains.kotlin.backend.jvm.codegen.FunctionCodegen.generate$default(FunctionCodegen.kt:49)
	at org.jetbrains.kotlin.backend.jvm.codegen.ClassCodegen.generateMethodNode(ClassCodegen.kt:428)
	at org.jetbrains.kotlin.backend.jvm.codegen.ClassCodegen.generateMethod(ClassCodegen.kt:445)
	at org.jetbrains.kotlin.backend.jvm.codegen.ClassCodegen.generate(ClassCodegen.kt:168)
	at org.jetbrains.kotlin.backend.jvm.JvmIrCodegenFactory.generateFile(JvmIrCodegenFactory.kt:467)
	at org.jetbrains.kotlin.backend.jvm.JvmIrCodegenFactory.invokeCodegen(JvmIrCodegenFactory.kt:433)
	at org.jetbrains.kotlin.cli.jvm.compiler.KotlinToJVMBytecodeCompiler.runCodegen$cli(KotlinToJVMBytecodeCompiler.kt:409)
	at org.jetbrains.kotlin.cli.pipeline.jvm.JvmBackendPipelinePhase.executePhase(JvmBackendPipelinePhase.kt:89)
	at org.jetbrains.kotlin.cli.pipeline.jvm.JvmBackendPipelinePhase.executePhase(JvmBackendPipelinePhase.kt:27)
	at org.jetbrains.kotlin.cli.pipeline.PipelinePhase.phaseBody(PipelinePhase.kt:68)
	at org.jetbrains.kotlin.cli.pipeline.PipelinePhase.phaseBody(PipelinePhase.kt:58)
	at org.jetbrains.kotlin.config.phaser.NamedCompilerPhase.invoke(CompilerPhase.kt:102)
	at org.jetbrains.kotlin.backend.common.phaser.CompositePhase.invoke(PhaseBuilders.kt:22)
	at org.jetbrains.kotlin.config.phaser.CompilerPhaseKt.invokeToplevel(CompilerPhase.kt:53)
	at org.jetbrains.kotlin.cli.pipeline.AbstractCliPipeline.runPhasedPipeline(AbstractCliPipeline.kt:109)
	at org.jetbrains.kotlin.cli.pipeline.AbstractCliPipeline.execute(AbstractCliPipeline.kt:68)
	at org.jetbrains.kotlin.cli.jvm.K2JVMCompiler.doExecutePhased(K2JVMCompiler.kt:51)
	at org.jetbrains.kotlin.cli.jvm.K2JVMCompiler.doExecutePhased(K2JVMCompiler.kt:42)
	at org.jetbrains.kotlin.cli.common.CLICompiler.execImpl(CLICompiler.kt:89)
	at org.jetbrains.kotlin.cli.common.CLICompiler.exec(CLICompiler.kt:359)
	at org.jetbrains.kotlin.incremental.IncrementalJvmCompilerRunnerBase.runCompiler(IncrementalJvmCompilerRunnerBase.kt:178)
	at org.jetbrains.kotlin.incremental.IncrementalJvmCompilerRunnerBase.runCompiler(IncrementalJvmCompilerRunnerBase.kt:40)
	at org.jetbrains.kotlin.incremental.IncrementalCompilerRunner.doCompile(IncrementalCompilerRunner.kt:504)
	at org.jetbrains.kotlin.incremental.IncrementalCompilerRunner.compileImpl(IncrementalCompilerRunner.kt:418)
	at org.jetbrains.kotlin.incremental.IncrementalCompilerRunner.tryCompileIncrementally$lambda$0$compile(IncrementalCompilerRunner.kt:249)
	at org.jetbrains.kotlin.incremental.IncrementalCompilerRunner.tryCompileIncrementally(IncrementalCompilerRunner.kt:267)
	at org.jetbrains.kotlin.incremental.IncrementalCompilerRunner.compile(IncrementalCompilerRunner.kt:119)
	at org.jetbrains.kotlin.daemon.CompileServiceImplBase.execIncrementalCompiler(CompileServiceImpl.kt:684)
	at org.jetbrains.kotlin.daemon.CompileServiceImplBase.access$execIncrementalCompiler(CompileServiceImpl.kt:94)
	at org.jetbrains.kotlin.daemon.CompileServiceImpl.compile(CompileServiceImpl.kt:1810)
	at java.base/jdk.internal.reflect.DirectMethodHandleAccessor.invoke(DirectMethodHandleAccessor.java:103)
	at java.base/java.lang.reflect.Method.invoke(Method.java:580)
	at java.rmi/sun.rmi.server.UnicastServerRef.dispatch(UnicastServerRef.java:360)
	at java.rmi/sun.rmi.transport.Transport$1.run(Transport.java:200)
	at java.rmi/sun.rmi.transport.Transport$1.run(Transport.java:197)
	at java.base/java.security.AccessController.doPrivileged(AccessController.java:714)
	at java.rmi/sun.rmi.transport.Transport.serviceCall(Transport.java:196)
	at java.rmi/sun.rmi.transport.tcp.TCPTransport.handleMessages(TCPTransport.java:598)
	at java.rmi/sun.rmi.transport.tcp.TCPTransport$ConnectionHandler.run0(TCPTransport.java:844)
	at java.rmi/sun.rmi.transport.tcp.TCPTransport$ConnectionHandler.lambda$run$0(TCPTransport.java:721)
	at java.base/java.security.AccessController.doPrivileged(AccessController.java:400)
	at java.rmi/sun.rmi.transport.tcp.TCPTransport$ConnectionHandler.run(TCPTransport.java:720)
	at java.base/java.util.concurrent.ThreadPoolExecutor.runWorker(ThreadPoolExecutor.java:1144)
	at java.base/java.util.concurrent.ThreadPoolExecutor$Worker.run(ThreadPoolExecutor.java:642)
	at java.base/java.lang.Thread.run(Thread.java:1583)
Caused by: org.jetbrains.kotlin.codegen.CompilationException: Back-end (JVM) Internal error: Couldn't inline method call: CALL 'public final fun on <E> (listener: kotlin.Function2<E of dev.crafty.framework.api.event.EventListenerKt.on, kotlin.Int, kotlin.Unit>): kotlin.Int [inline] declared in dev.crafty.framework.api.event.EventListenerKt' type=kotlin.Int origin=null
Method: null
File is unknown
The root cause java.io.FileNotFoundException was thrown at: java.base/java.io.FileInputStream.open0(Native Method)
	at org.jetbrains.kotlin.backend.jvm.codegen.IrInlineCodegen.genInlineCall(IrInlineCodegen.kt:81)
	at org.jetbrains.kotlin.backend.jvm.codegen.IrInlineCallGenerator.genCall(IrInlineCallGenerator.kt:36)
	at org.jetbrains.kotlin.backend.jvm.codegen.ExpressionCodegen.visitCall(ExpressionCodegen.kt:554)
	at org.jetbrains.kotlin.backend.jvm.codegen.ExpressionCodegen.visitCall(ExpressionCodegen.kt:138)
	at org.jetbrains.kotlin.ir.expressions.IrCall.accept(IrCall.kt:24)
	at org.jetbrains.kotlin.backend.jvm.codegen.ExpressionCodegen.visitVariable(ExpressionCodegen.kt:685)
	at org.jetbrains.kotlin.backend.jvm.codegen.ExpressionCodegen.visitVariable(ExpressionCodegen.kt:138)
	at org.jetbrains.kotlin.ir.declarations.IrVariable.accept(IrVariable.kt:36)
	at org.jetbrains.kotlin.backend.jvm.codegen.ExpressionCodegen.visitStatementContainer(ExpressionCodegen.kt:489)
	at org.jetbrains.kotlin.backend.jvm.codegen.ExpressionCodegen.visitBlockBody(ExpressionCodegen.kt:494)
	at org.jetbrains.kotlin.backend.jvm.codegen.ExpressionCodegen.visitBlockBody(ExpressionCodegen.kt:138)
	at org.jetbrains.kotlin.ir.expressions.IrBlockBody.accept(IrBlockBody.kt:20)
	at org.jetbrains.kotlin.backend.jvm.codegen.ExpressionCodegen.generate(ExpressionCodegen.kt:231)
	at org.jetbrains.kotlin.backend.jvm.codegen.FunctionCodegen.doGenerate(FunctionCodegen.kt:132)
	at org.jetbrains.kotlin.backend.jvm.codegen.FunctionCodegen.generate(FunctionCodegen.kt:53)
	... 45 more
Caused by: java.io.FileNotFoundException: /Users/nathan/IdeaProjects/Spike/Framework/build/classes/kotlin/main/dev/crafty/framework/api/event/EventListenerKt.class (No such file or directory)
	at java.base/java.io.FileInputStream.open0(Native Method)
	at java.base/java.io.FileInputStream.open(FileInputStream.java:213)
	at java.base/java.io.FileInputStream.<init>(FileInputStream.java:152)
	at org.jetbrains.kotlin.com.intellij.openapi.util.io.FileUtil.loadFileBytes(FileUtil.java:187)
	at org.jetbrains.kotlin.cli.common.localfs.KotlinLocalVirtualFile.contentsToByteArray(KotlinLocalVirtualFile.kt:108)
	at org.jetbrains.kotlin.codegen.inline.SourceCompilerForInlineKt.loadCompiledInlineFunction$lambda$0$0(SourceCompilerForInline.kt:95)
	at org.jetbrains.kotlin.codegen.inline.InlineCache.computeClassBytes(InlineCache.kt:82)
	at org.jetbrains.kotlin.codegen.inline.SourceCompilerForInlineKt.loadCompiledInlineFunction$lambda$0(SourceCompilerForInline.kt:94)
	at org.jetbrains.kotlin.codegen.inline.InlineCache.computeMethodBytes(InlineCache.kt:90)
	at org.jetbrains.kotlin.codegen.inline.SourceCompilerForInlineKt.loadCompiledInlineFunction(SourceCompilerForInline.kt:93)
	at org.jetbrains.kotlin.backend.jvm.codegen.IrSourceCompilerForInline.compileInlineFunction(IrSourceCompilerForInline.kt:96)
	at org.jetbrains.kotlin.backend.jvm.codegen.IrInlineCodegen.genInlineCall(IrInlineCodegen.kt:64)
	... 59 more


error message: Daemon compilation failed: null
java.lang.Exception
	at org.jetbrains.kotlin.daemon.common.CompileService$CallResult$Error.get(CompileService.kt:69)
	at org.jetbrains.kotlin.daemon.common.CompileService$CallResult$Error.get(CompileService.kt:65)
	at org.jetbrains.kotlin.compilerRunner.GradleKotlinCompilerWork.compileWithDaemon(GradleKotlinCompilerWork.kt:224)
	at org.jetbrains.kotlin.compilerRunner.GradleKotlinCompilerWork.compileWithDaemonOrFallbackImpl(GradleKotlinCompilerWork.kt:143)
	at org.jetbrains.kotlin.compilerRunner.GradleKotlinCompilerWork.run(GradleKotlinCompilerWork.kt:107)
	at org.jetbrains.kotlin.compilerRunner.GradleCompilerRunnerWithWorkers$GradleKotlinCompilerWorkAction.execute(GradleCompilerRunnerWithWorkers.kt:75)
	at org.gradle.workers.internal.DefaultWorkerServer.execute(DefaultWorkerServer.java:63)
	at org.gradle.workers.internal.NoIsolationWorkerFactory$1$1.create(NoIsolationWorkerFactory.java:66)
	at org.gradle.workers.internal.NoIsolationWorkerFactory$1$1.create(NoIsolationWorkerFactory.java:62)
	at org.gradle.internal.classloader.ClassLoaderUtils.executeInClassloader(ClassLoaderUtils.java:100)
	at org.gradle.workers.internal.NoIsolationWorkerFactory$1.lambda$execute$0(NoIsolationWorkerFactory.java:62)
	at org.gradle.workers.internal.AbstractWorker$1.call(AbstractWorker.java:44)
	at org.gradle.workers.internal.AbstractWorker$1.call(AbstractWorker.java:41)
	at org.gradle.internal.operations.DefaultBuildOperationRunner$CallableBuildOperationWorker.execute(DefaultBuildOperationRunner.java:209)
	at org.gradle.internal.operations.DefaultBuildOperationRunner$CallableBuildOperationWorker.execute(DefaultBuildOperationRunner.java:204)
	at org.gradle.internal.operations.DefaultBuildOperationRunner$2.execute(DefaultBuildOperationRunner.java:66)
	at org.gradle.internal.operations.DefaultBuildOperationRunner$2.execute(DefaultBuildOperationRunner.java:59)
	at org.gradle.internal.operations.DefaultBuildOperationRunner.execute(DefaultBuildOperationRunner.java:166)
	at org.gradle.internal.operations.DefaultBuildOperationRunner.execute(DefaultBuildOperationRunner.java:59)
	at org.gradle.internal.operations.DefaultBuildOperationRunner.call(DefaultBuildOperationRunner.java:53)
	at org.gradle.workers.internal.AbstractWorker.executeWrappedInBuildOperation(AbstractWorker.java:41)
	at org.gradle.workers.internal.NoIsolationWorkerFactory$1.execute(NoIsolationWorkerFactory.java:59)
	at org.gradle.workers.internal.DefaultWorkerExecutor.lambda$submitWork$0(DefaultWorkerExecutor.java:174)
	at java.base/java.util.concurrent.FutureTask.run(FutureTask.java:317)
	at org.gradle.internal.work.DefaultConditionalExecutionQueue$ExecutionRunner.runExecution(DefaultConditionalExecutionQueue.java:187)
	at org.gradle.internal.work.DefaultConditionalExecutionQueue$ExecutionRunner.access$700(DefaultConditionalExecutionQueue.java:120)
	at org.gradle.internal.work.DefaultConditionalExecutionQueue$ExecutionRunner$1.run(DefaultConditionalExecutionQueue.java:162)
	at org.gradle.internal.Factories$1.create(Factories.java:31)
	at org.gradle.internal.work.DefaultWorkerLeaseService.withLocks(DefaultWorkerLeaseService.java:264)
	at org.gradle.internal.work.DefaultWorkerLeaseService.runAsWorkerThread(DefaultWorkerLeaseService.java:128)
	at org.gradle.internal.work.DefaultWorkerLeaseService.runAsWorkerThread(DefaultWorkerLeaseService.java:133)
	at org.gradle.internal.work.DefaultConditionalExecutionQueue$ExecutionRunner.runBatch(DefaultConditionalExecutionQueue.java:157)
	at org.gradle.internal.work.DefaultConditionalExecutionQueue$ExecutionRunner.run(DefaultConditionalExecutionQueue.java:126)
	at java.base/java.util.concurrent.Executors$RunnableAdapter.call(Executors.java:572)
	at java.base/java.util.concurrent.FutureTask.run(FutureTask.java:317)
	at org.gradle.internal.concurrent.ExecutorPolicy$CatchAndRecordFailures.onExecute(ExecutorPolicy.java:64)
	at org.gradle.internal.concurrent.AbstractManagedExecutor$1.run(AbstractManagedExecutor.java:47)
	at java.base/java.util.concurrent.ThreadPoolExecutor.runWorker(ThreadPoolExecutor.java:1144)
	at java.base/java.util.concurrent.ThreadPoolExecutor$Worker.run(ThreadPoolExecutor.java:642)
	at java.base/java.lang.Thread.run(Thread.java:1583)
Caused by: java.nio.file.NoSuchFileException: /var/folders/w6/39_7k25j711_pzwmwxzf704c0000gn/T/kotlin-backups16181844059079597604/0.backup -> /Users/nathan/IdeaProjects/Spike/Framework/build/classes/kotlin/main/dev/crafty/framework/data/serializers/ItemStackSerializer.class
	at java.base/sun.nio.fs.UnixException.translateToIOException(UnixException.java:92)
	at java.base/sun.nio.fs.UnixException.rethrowAsIOException(UnixException.java:106)
	at java.base/sun.nio.fs.UnixFileSystem.move(UnixFileSystem.java:934)
	at java.base/sun.nio.fs.UnixFileSystemProvider.move(UnixFileSystemProvider.java:309)
	at java.base/java.nio.file.Files.move(Files.java:1430)
	at org.jetbrains.kotlin.incremental.RecoverableCompilationTransaction.revertChanges(CompilationTransaction.kt:231)
	at org.jetbrains.kotlin.incremental.RecoverableCompilationTransaction.close(CompilationTransaction.kt:256)
	at org.jetbrains.kotlin.incremental.IncrementalCompilerRunner.tryCompileIncrementally(IncrementalCompilerRunner.kt:712)
	at org.jetbrains.kotlin.incremental.IncrementalCompilerRunner.compile(IncrementalCompilerRunner.kt:119)
	at org.jetbrains.kotlin.daemon.CompileServiceImplBase.execIncrementalCompiler(CompileServiceImpl.kt:684)
	at org.jetbrains.kotlin.daemon.CompileServiceImplBase.access$execIncrementalCompiler(CompileServiceImpl.kt:94)
	at org.jetbrains.kotlin.daemon.CompileServiceImpl.compile(CompileServiceImpl.kt:1810)
	at java.base/jdk.internal.reflect.DirectMethodHandleAccessor.invoke(DirectMethodHandleAccessor.java:103)
	at java.base/java.lang.reflect.Method.invoke(Method.java:580)
	at java.rmi/sun.rmi.server.UnicastServerRef.dispatch(UnicastServerRef.java:360)
	at java.rmi/sun.rmi.transport.Transport$1.run(Transport.java:200)
	at java.rmi/sun.rmi.transport.Transport$1.run(Transport.java:197)
	at java.base/java.security.AccessController.doPrivileged(AccessController.java:714)
	at java.rmi/sun.rmi.transport.Transport.serviceCall(Transport.java:196)
	at java.rmi/sun.rmi.transport.tcp.TCPTransport.handleMessages(TCPTransport.java:598)
	at java.rmi/sun.rmi.transport.tcp.TCPTransport$ConnectionHandler.run0(TCPTransport.java:844)
	at java.rmi/sun.rmi.transport.tcp.TCPTransport$ConnectionHandler.lambda$run$0(TCPTransport.java:721)
	at java.base/java.security.AccessController.doPrivileged(AccessController.java:400)
	at java.rmi/sun.rmi.transport.tcp.TCPTransport$ConnectionHandler.run(TCPTransport.java:720)
	... 3 more


